Build started 2015-11-3 9:31:26.
     1>Project "D:\workspace\c_c++\workspace_work\C_demo1\Demo1_Suffix_C\Demo1_Suffix_C.vcxproj" on node 2 (Build target(s)).
     1>C:\Program Files (x86)\MSBuild\Microsoft.Cpp\v4.0\V120\Microsoft.CppBuild.targets(388,5): warning MSB8028: The intermediate directory (Release\) contains files shared from another project (Demo1_Suffix_C.vcxproj).  This can lead to incorrect clean and rebuild behavior.
     1>ClCompile:
         E:\Software\code\SW0005_C_C\Microsoft Visual Studio 12.0\VC\bin\CL.exe /c /Zi /nologo /W3 /WX- /sdl /O2 /Oi /Oy- /GL /D WIN32 /D NDEBUG /D _CONSOLE /D _LIB /D _UNICODE /D UNICODE /Gm- /EHsc /MD /GS /Gy /fp:precise /Zc:wchar_t /Zc:forScope /Yc"stdafx.h" /Fp"Release\C_demo1.pch" /Fo"Release\\" /Fd"Release\vc120.pdb" /Gd /TP /analyze- /errorReport:prompt stdafx.cpp
         stdafx.cpp
         E:\Software\code\SW0005_C_C\Microsoft Visual Studio 12.0\VC\bin\CL.exe /c /Zi /nologo /W3 /WX- /sdl /O2 /Oi /Oy- /GL /D WIN32 /D NDEBUG /D _CONSOLE /D _LIB /D _UNICODE /D UNICODE /Gm- /EHsc /MD /GS /Gy /fp:precise /Zc:wchar_t /Zc:forScope /Yu"stdafx.h" /Fp"Release\C_demo1.pch" /Fo"Release\\" /Fd"Release\vc120.pdb" /Gd /TP /analyze- /errorReport:prompt main.cpp test_format.cpp
         main.cpp
     1>main.cpp(99): warning C4244: '=' : conversion from 'double' to 'float', possible loss of data
     1>main.cpp(100): warning C4244: '=' : conversion from 'double' to 'float', possible loss of data
     1>main.cpp(101): warning C4244: '=' : conversion from 'double' to 'float', possible loss of data
     1>main.cpp(102): warning C4244: '=' : conversion from 'double' to 'float', possible loss of data
     1>main.cpp(103): warning C4244: '=' : conversion from 'double' to 'float', possible loss of data
     1>main.cpp(33): warning C4101: 'fristInt' : unreferenced local variable
     1>main.cpp(34): warning C4101: 'secondeInt' : unreferenced local variable
         test_format.cpp
       Link:
         E:\Software\code\SW0005_C_C\Microsoft Visual Studio 12.0\VC\bin\link.exe /ERRORREPORT:PROMPT /OUT:"D:\workspace\c_c++\workspace_work\C_demo1\Release\C_demo1.exe" /INCREMENTAL:NO /NOLOGO kernel32.lib user32.lib gdi32.lib winspool.lib comdlg32.lib advapi32.lib shell32.lib ole32.lib oleaut32.lib uuid.lib odbc32.lib odbccp32.lib /MANIFEST /MANIFESTUAC:"level='asInvoker' uiAccess='false'" /manifest:embed /DEBUG /PDB:"D:\workspace\c_c++\workspace_work\C_demo1\Release\C_demo1.pdb" /SUBSYSTEM:CONSOLE /OPT:REF /OPT:ICF /LTCG /TLBID:1 /DYNAMICBASE /NXCOMPAT /IMPLIB:"D:\workspace\c_c++\workspace_work\C_demo1\Release\C_demo1.lib" /MACHINE:X86 /SAFESEH Release\main.obj
         Release\test_format.obj
         Release\stdafx.obj
         Generating code
         Finished generating code
         Demo1_Suffix_C.vcxproj -> D:\workspace\c_c++\workspace_work\C_demo1\Release\C_demo1.exe
     1>Done Building Project "D:\workspace\c_c++\workspace_work\C_demo1\Demo1_Suffix_C\Demo1_Suffix_C.vcxproj" (Build target(s)).

Build succeeded.

Time Elapsed 00:00:19.66
