Build started 2015/10/30 15:19:10.
     1>Project "D:\workspace\c_c++\workspace_work\Demo1_Suffix_C\Demo1_Suffix_C\Demo1_Suffix_C.vcxproj" on node 2 (Build target(s)).
     1>ClCompile:
         C:\Program Files (x86)\Microsoft Visual Studio 12.0\VC\bin\x86_amd64\CL.exe /c /Zi /nologo /W3 /WX- /sdl /O2 /Oi /GL /D WIN32 /D NDEBUG /D _CONSOLE /D _LIB /D _UNICODE /D UNICODE /Gm- /EHsc /MD /GS /Gy /fp:precise /Zc:wchar_t /Zc:forScope /Yc"stdafx.h" /Fp"x64\Release\Demo1_Suffix_C.pch" /Fo"x64\Release\\" /Fd"x64\Release\vc120.pdb" /Gd /TP /errorReport:prompt stdafx.cpp
         stdafx.cpp
         C:\Program Files (x86)\Microsoft Visual Studio 12.0\VC\bin\x86_amd64\CL.exe /c /Zi /nologo /W3 /WX- /sdl /O2 /Oi /GL /D WIN32 /D NDEBUG /D _CONSOLE /D _LIB /D _UNICODE /D UNICODE /Gm- /EHsc /MD /GS /Gy /fp:precise /Zc:wchar_t /Zc:forScope /Yu"stdafx.h" /Fp"x64\Release\Demo1_Suffix_C.pch" /Fo"x64\Release\\" /Fd"x64\Release\vc120.pdb" /Gd /TP /errorReport:prompt main.cpp test_format.cpp
         main.cpp
     1>main.cpp(99): warning C4244: '=' : conversion from 'double' to 'float', possible loss of data
     1>main.cpp(100): warning C4244: '=' : conversion from 'double' to 'float', possible loss of data
     1>main.cpp(101): warning C4244: '=' : conversion from 'double' to 'float', possible loss of data
     1>main.cpp(102): warning C4244: '=' : conversion from 'double' to 'float', possible loss of data
     1>main.cpp(103): warning C4244: '=' : conversion from 'double' to 'float', possible loss of data
     1>main.cpp(33): warning C4101: 'fristInt' : unreferenced local variable
     1>main.cpp(34): warning C4101: 'secondeInt' : unreferenced local variable
         test_format.cpp
       Link:
         C:\Program Files (x86)\Microsoft Visual Studio 12.0\VC\bin\x86_amd64\link.exe /ERRORREPORT:PROMPT /OUT:"D:\workspace\c_c++\workspace_work\Demo1_Suffix_C\x64\Release\Demo1_Suffix_C.exe" /INCREMENTAL:NO /NOLOGO kernel32.lib user32.lib gdi32.lib winspool.lib comdlg32.lib advapi32.lib shell32.lib ole32.lib oleaut32.lib uuid.lib odbc32.lib odbccp32.lib /MANIFEST /MANIFESTUAC:"level='asInvoker' uiAccess='false'" /manifest:embed /DEBUG /PDB:"D:\workspace\c_c++\workspace_work\Demo1_Suffix_C\x64\Release\Demo1_Suffix_C.pdb" /SUBSYSTEM:CONSOLE /OPT:REF /OPT:ICF /LTCG /TLBID:1 /DYNAMICBASE /NXCOMPAT /IMPLIB:"D:\workspace\c_c++\workspace_work\Demo1_Suffix_C\x64\Release\Demo1_Suffix_C.lib" /MACHINE:X64 x64\Release\main.obj
         x64\Release\test_format.obj
         x64\Release\stdafx.obj
         Generating code
         Finished generating code
         Demo1_Suffix_C.vcxproj -> D:\workspace\c_c++\workspace_work\Demo1_Suffix_C\x64\Release\Demo1_Suffix_C.exe
     1>Done Building Project "D:\workspace\c_c++\workspace_work\Demo1_Suffix_C\Demo1_Suffix_C\Demo1_Suffix_C.vcxproj" (Build target(s)).

Build succeeded.

Time Elapsed 00:00:01.70
